{
  "RSpec": {
    "coverage": {
      "/Users/ethan/enigma/lib/methods_store.rb": {
        "lines": [
          1,
          1,
          null,
          null,
          null,
          null,
          null,
          null,
          null,
          null,
          null,
          1,
          11,
          11,
          11,
          11,
          11,
          11,
          null,
          null,
          1,
          11,
          null,
          null,
          1,
          11,
          null,
          null,
          1,
          11,
          null,
          null,
          1,
          11,
          null,
          null,
          1,
          11,
          11,
          null,
          null,
          1,
          null,
          11,
          null,
          null,
          null,
          null,
          null,
          null,
          1,
          2,
          2,
          null,
          null,
          1,
          1,
          1,
          1,
          5,
          null,
          1,
          null,
          null,
          null,
          null,
          null,
          null,
          null,
          null,
          1,
          1,
          1,
          11,
          0,
          0,
          null,
          11,
          11,
          11,
          null,
          null,
          null,
          null,
          null
        ]
      },
      "/Users/ethan/enigma/lib/encrypt.rb": {
        "lines": [
          1,
          null,
          1,
          0,
          0,
          null,
          null,
          1,
          0,
          null,
          null,
          1,
          0,
          0,
          0,
          0,
          null,
          null,
          1,
          null,
          0,
          null,
          null,
          null,
          null,
          null
        ]
      },
      "/Users/ethan/enigma/lib/decrypt.rb": {
        "lines": [
          1,
          null,
          1,
          11,
          11,
          null,
          null,
          1,
          1,
          1,
          5,
          1,
          1,
          null,
          null,
          null
        ]
      }
    },
    "timestamp": 1655155459
  }
}
